This is pdfTeX, Version 3.14159265-2.6-1.40.21 (MiKTeX 20.7) (preloaded format=pdflatex 2022.9.6)  2 MAY 2023 13:12
entering extended mode
**"D:/Uintah/Uintah_NTNU/SUBSLIDE/[2022] MPMICE2/manuscript/MPMICE_v5.tex"
("D:/Uintah/Uintah_NTNU/SUBSLIDE/[2022] MPMICE2/manuscript/MPMICE_v5.tex"
LaTeX2e <2020-10-01>
L3 programming layer <2020-09-24> xparse <2020-03-03>
(C:\Users\quoct\AppData\Local\Programs\MiKTeX\tex/latex/elsarticle\elsarticle.c
ls
Document Class: elsarticle 2020/11/20, 3.3: Elsevier Ltd
(C:\Users\quoct\AppData\Local\Programs\MiKTeX\tex/latex/l3kernel\expl3.sty
Package: expl3 2020-09-24 L3 programming layer (loader) 

(C:\Users\quoct\AppData\Local\Programs\MiKTeX\tex/latex/l3backend\l3backend-pdf
tex.def
File: l3backend-pdftex.def 2020-09-24 L3 backend support: PDF output (pdfTeX)
\l__kernel_color_stack_int=\count175
\l__pdf_internal_box=\box47
))
(C:\Users\quoct\AppData\Local\Programs\MiKTeX\tex/latex/l3packages/xparse\xpars
e.sty
Package: xparse 2020-05-15 L3 Experimental document command parser

(C:\Users\quoct\AppData\Local\Programs\MiKTeX\tex/latex/l3packages/xparse\xpars
e-generic.tex))
(C:\Users\quoct\AppData\Local\Programs\MiKTeX\tex/latex/etoolbox\etoolbox.sty
Package: etoolbox 2020/08/24 v2.5j e-TeX tools for LaTeX (JAW)
\etb@tempcnta=\count176
)
\@bls=\dimen138

(C:\Users\quoct\AppData\Local\Programs\MiKTeX\tex/latex/base\article.cls
Document Class: article 2020/04/10 v1.4m Standard LaTeX document class
(C:\Users\quoct\AppData\Local\Programs\MiKTeX\tex/latex/base\size12.clo
File: size12.clo 2020/04/10 v1.4m Standard LaTeX file (size option)
)
\c@part=\count177
\c@section=\count178
\c@subsection=\count179
\c@subsubsection=\count180
\c@paragraph=\count181
\c@subparagraph=\count182
\c@figure=\count183
\c@table=\count184
\abovecaptionskip=\skip47
\belowcaptionskip=\skip48
\bibindent=\dimen139
)
(C:\Users\quoct\AppData\Local\Programs\MiKTeX\tex/latex/graphics\graphicx.sty
Package: graphicx 2020/09/09 v1.2b Enhanced LaTeX Graphics (DPC,SPQR)

(C:\Users\quoct\AppData\Local\Programs\MiKTeX\tex/latex/graphics\keyval.sty
Package: keyval 2014/10/28 v1.15 key=value parser (DPC)
\KV@toks@=\toks15
)
(C:\Users\quoct\AppData\Local\Programs\MiKTeX\tex/latex/graphics\graphics.sty
Package: graphics 2020/08/30 v1.4c Standard LaTeX Graphics (DPC,SPQR)

(C:\Users\quoct\AppData\Local\Programs\MiKTeX\tex/latex/graphics\trig.sty
Package: trig 2016/01/03 v1.10 sin cos tan (DPC)
)
(C:\Users\quoct\AppData\Local\Programs\MiKTeX\tex/latex/graphics-cfg\graphics.c
fg
File: graphics.cfg 2016/06/04 v1.11 sample graphics configuration
)
Package graphics Info: Driver file: pdftex.def on input line 105.

(C:\Users\quoct\AppData\Local\Programs\MiKTeX\tex/latex/graphics-def\pdftex.def
File: pdftex.def 2020/08/26 v1.2 Graphics/color driver for pdftex
))
\Gin@req@height=\dimen140
\Gin@req@width=\dimen141
)
\c@tnote=\count185
\c@fnote=\count186
\c@cnote=\count187
\c@ead=\count188
\c@author=\count189
\@eadauthor=\toks16
\c@affn=\count190
\absbox=\box48
\elsarticlehighlightsbox=\box49
\elsarticlegrabsbox=\box50
\keybox=\box51
\Columnwidth=\dimen142
\space@left=\dimen143
\els@boxa=\box52
\els@boxb=\box53
\leftMargin=\dimen144
\@enLab=\toks17
\@sep=\skip49
\@@sep=\skip50
 (C:\Users\quoct\AppData\Local\Programs\MiKTeX\tex/latex/natbib\natbib.sty
Package: natbib 2010/09/13 8.31b (PWD, AO)
\bibhang=\skip51
\bibsep=\skip52
LaTeX Info: Redefining \cite on input line 694.
\c@NAT@ctr=\count191
)
\splwrite=\write3
\openout3 = `MPMICE_v5.spl'.

\appnamewidth=\dimen145
) (C:\Users\quoct\AppData\Local\Programs\MiKTeX\tex/latex/amsfonts\amssymb.sty
Package: amssymb 2013/01/14 v3.01 AMS font symbols

(C:\Users\quoct\AppData\Local\Programs\MiKTeX\tex/latex/amsfonts\amsfonts.sty
Package: amsfonts 2013/01/14 v3.01 Basic AMSFonts support
\@emptytoks=\toks18
\symAMSa=\mathgroup4
\symAMSb=\mathgroup5
LaTeX Font Info:    Redeclaring math symbol \hbar on input line 98.
LaTeX Font Info:    Overwriting math alphabet `\mathfrak' in version `bold'
(Font)                  U/euf/m/n --> U/euf/b/n on input line 106.
)) (C:\Users\quoct\AppData\Local\Programs\MiKTeX\tex/latex/amsmath\amsmath.sty
Package: amsmath 2020/09/23 v2.17i AMS math features
\@mathmargin=\skip53

For additional information on amsmath, use the `?' option.
(C:\Users\quoct\AppData\Local\Programs\MiKTeX\tex/latex/amsmath\amstext.sty
Package: amstext 2000/06/29 v2.01 AMS text

(C:\Users\quoct\AppData\Local\Programs\MiKTeX\tex/latex/amsmath\amsgen.sty
File: amsgen.sty 1999/11/30 v2.0 generic functions
\@emptytoks=\toks19
\ex@=\dimen146
))
(C:\Users\quoct\AppData\Local\Programs\MiKTeX\tex/latex/amsmath\amsbsy.sty
Package: amsbsy 1999/11/29 v1.2d Bold Symbols
\pmbraise@=\dimen147
)
(C:\Users\quoct\AppData\Local\Programs\MiKTeX\tex/latex/amsmath\amsopn.sty
Package: amsopn 2016/03/08 v2.02 operator names
)
\inf@bad=\count192
LaTeX Info: Redefining \frac on input line 234.
\uproot@=\count193
\leftroot@=\count194
LaTeX Info: Redefining \overline on input line 399.
\classnum@=\count195
\DOTSCASE@=\count196
LaTeX Info: Redefining \ldots on input line 496.
LaTeX Info: Redefining \dots on input line 499.
LaTeX Info: Redefining \cdots on input line 620.
\Mathstrutbox@=\box54
\strutbox@=\box55
\big@size=\dimen148
LaTeX Font Info:    Redeclaring font encoding OML on input line 743.
LaTeX Font Info:    Redeclaring font encoding OMS on input line 744.
\macc@depth=\count197
\c@MaxMatrixCols=\count198
\dotsspace@=\muskip16
\c@parentequation=\count199
\dspbrk@lvl=\count266
\tag@help=\toks20
\row@=\count267
\column@=\count268
\maxfields@=\count269
\andhelp@=\toks21
\eqnshift@=\dimen149
\alignsep@=\dimen150
\tagshift@=\dimen151
\tagwidth@=\dimen152
\totwidth@=\dimen153
\lineht@=\dimen154
\@envbody=\toks22
\multlinegap=\skip54
\multlinetaggap=\skip55
\mathdisplay@stack=\toks23
LaTeX Info: Redefining \[ on input line 2923.
LaTeX Info: Redefining \] on input line 2924.
)
(C:\Users\quoct\AppData\Local\Programs\MiKTeX\tex/latex/float\float.sty
Package: float 2001/11/08 v1.3d Float enhancements (AL)
\c@float@type=\count270
\float@exts=\toks24
\float@box=\box56
\@float@everytoks=\toks25
\@floatcapt=\box57
)
(C:\Users\quoct\AppData\Local\Programs\MiKTeX\tex/latex/graphics\lscape.sty
Package: lscape 2020/05/28 v3.02 Landscape Pages (DPC)
)
(C:\Users\quoct\AppData\Local\Programs\MiKTeX\tex/latex/graphics\rotating.sty
Package: rotating 2016/08/11 v2.16d rotated objects in LaTeX

(C:\Users\quoct\AppData\Local\Programs\MiKTeX\tex/latex/base\ifthen.sty
Package: ifthen 2014/09/29 v1.1c Standard LaTeX ifthen package (DPC)
)
\c@r@tfl@t=\count271
\rotFPtop=\skip56
\rotFPbot=\skip57
\rot@float@box=\box58
\rot@mess@toks=\toks26
)
(C:\Users\quoct\AppData\Local\Programs\MiKTeX\tex/latex/caption\caption.sty
Package: caption 2020/09/12 v3.5b Customizing captions (AR)

(C:\Users\quoct\AppData\Local\Programs\MiKTeX\tex/latex/caption\caption3.sty
Package: caption3 2020/09/17 v2.1b caption3 kernel (AR)
\captionmargin=\dimen155
\captionmargin@=\dimen156
\captionwidth=\dimen157
\caption@tempdima=\dimen158
\caption@indent=\dimen159
\caption@parindent=\dimen160
\caption@hangindent=\dimen161
Package caption Info: elsarticle document class detected.

(C:\Users\quoct\AppData\Local\Programs\MiKTeX\tex/latex/caption\caption-elsarti
cle.sto
File: caption-elsarticle.sto 2020/08/22 v2.0 Adaption of the caption package to
 the elsarticle document class (AR)
))
\c@caption@flags=\count272
\c@continuedfloat=\count273
Package caption Info: float package is loaded.
Package caption Info: rotating package is loaded.
)
(C:\Users\quoct\AppData\Local\Programs\MiKTeX\tex/latex/caption\subcaption.sty
Package: subcaption 2020/08/23 v1.3g Sub-captions (AR)
\c@subfigure=\count274
\c@subtable=\count275
) (C:\Users\quoct\AppData\Local\Programs\MiKTeX\tex/latex/lineno\lineno.sty
Package: lineno 2023/01/19 line numbers on paragraphs v5.1
\linenopenalty=\count276
\output=\toks27
\linenoprevgraf=\count277
\linenumbersep=\dimen162
\linenumberwidth=\dimen163
\c@linenumber=\count278
\c@pagewiselinenumber=\count279
\c@LN@truepage=\count280
\c@internallinenumber=\count281
\c@internallinenumbers=\count282
\quotelinenumbersep=\dimen164
\bframerule=\dimen165
\bframesep=\dimen166
\bframebox=\box59
LaTeX Info: Redefining \\ on input line 3131.
)
No file MPMICE_v5.aux.
\openout1 = `MPMICE_v5.aux'.

LaTeX Font Info:    Checking defaults for OML/cmm/m/it on input line 70.
LaTeX Font Info:    ... okay on input line 70.
LaTeX Font Info:    Checking defaults for OMS/cmsy/m/n on input line 70.
LaTeX Font Info:    ... okay on input line 70.
LaTeX Font Info:    Checking defaults for OT1/cmr/m/n on input line 70.
LaTeX Font Info:    ... okay on input line 70.
LaTeX Font Info:    Checking defaults for T1/cmr/m/n on input line 70.
LaTeX Font Info:    ... okay on input line 70.
LaTeX Font Info:    Checking defaults for TS1/cmr/m/n on input line 70.
LaTeX Font Info:    ... okay on input line 70.
LaTeX Font Info:    Checking defaults for OMX/cmex/m/n on input line 70.
LaTeX Font Info:    ... okay on input line 70.
LaTeX Font Info:    Checking defaults for U/cmr/m/n on input line 70.
LaTeX Font Info:    ... okay on input line 70.

(C:\Users\quoct\AppData\Local\Programs\MiKTeX\tex/context/base/mkii\supp-pdf.mk
ii
[Loading MPS to PDF converter (version 2006.09.02).]
\scratchcounter=\count283
\scratchdimen=\dimen167
\scratchbox=\box60
\nofMPsegments=\count284
\nofMParguments=\count285
\everyMPshowfont=\toks28
\MPscratchCnt=\count286
\MPscratchDim=\dimen168
\MPnumerator=\count287
\makeMPintoPDFobject=\count288
\everyMPtoPDFconversion=\toks29
)
(C:\Users\quoct\AppData\Local\Programs\MiKTeX\tex/latex/epstopdf-pkg\epstopdf-b
ase.sty
Package: epstopdf-base 2020-01-24 v2.11 Base part for package epstopdf
Package epstopdf-base Info: Redefining graphics rule for `.eps' on input line 4
85.
)
Package caption Info: Begin \AtBeginDocument code.
Package caption Info: End \AtBeginDocument code.
\openout2 = `newcommands.aux'.


("D:/Uintah/Uintah_NTNU/SUBSLIDE/[2022] MPMICE2/manuscript\newcommands.tex")
Overfull \hbox (2.95409pt too wide) in paragraph at lines 141--141
\OT1/cmr/bx/n/12 MPMICE: A hy-brid MPM-CFD model for sim-u-lat-ing cou-pled pro
b-
 []

<figures//abstract.jpg, id=1, 742.27313pt x 995.21812pt>
File: figures//abstract.jpg Graphic file (type jpg)
<use figures//abstract.jpg>
Package pdftex.def Info: figures//abstract.jpg  used on input line 146.
(pdftex.def)             Requested size: 334.01982pt x 447.84402pt.

Overfull \hbox (2.95409pt too wide) in paragraph at lines 152--152
\OT1/cmr/bx/n/12 MPMICE: A hy-brid MPM-CFD model for sim-u-lat-ing cou-pled pro
b-
 []


Overfull \hbox (17.61661pt too wide) in paragraph at lines 154--155
[]\OT1/cmr/m/n/12 Material Point method al-lows to model large de-for-ma-tion o
f non-isothermal
 []

[1




{C:/Users/quoct/AppData/Local/MiKTeX/pdftex/config/pdftex.map} <D:/Uintah/Uinta
h_NTNU/SUBSLIDE/[2022] MPMICE2/manuscript/figures//abstract.jpg>] [2

]
LaTeX Font Info:    Trying to load font information for U+msa on input line 170
.

(C:\Users\quoct\AppData\Local\Programs\MiKTeX\tex/latex/amsfonts\umsa.fd
File: umsa.fd 2013/01/14 v3.01 AMS symbols A
)
LaTeX Font Info:    Trying to load font information for U+msb on input line 170
.

(C:\Users\quoct\AppData\Local\Programs\MiKTeX\tex/latex/amsfonts\umsb.fd
File: umsb.fd 2013/01/14 v3.01 AMS symbols B
)
Overfull \hbox (2.61108pt too wide) has occurred while \output is active
[] 
 []

[1


]
No file MPMICE_v5.toc.
\tf@toc=\write4
\openout4 = `MPMICE_v5.toc'.

[2]
Overfull \hbox (19.70299pt too wide) in paragraph at lines 185--218
[][] 
 []

[3] [4]
Underfull \hbox (badness 10000) in paragraph at lines 259--260

 []


Package natbib Warning: Citation `CFD1' on page 5 undefined on input line 261.


Package natbib Warning: Citation `CFD2' on page 5 undefined on input line 261.


Package natbib Warning: Citation `CFD3' on page 5 undefined on input line 261.


Package natbib Warning: Citation `CFD4' on page 5 undefined on input line 261.


Package natbib Warning: Citation `Tran2019' on page 5 undefined on input line 2
61.


Package natbib Warning: Citation `Capone2010' on page 5 undefined on input line
 261.


Package natbib Warning: Citation `Zhang2019' on page 5 undefined on input line 
261.


Package natbib Warning: Citation `Dey2016' on page 5 undefined on input line 26
1.


Underfull \hbox (badness 10000) in paragraph at lines 261--262

 []


Package natbib Warning: Citation `Bandara2015' on page 5 undefined on input lin
e 263.


Package natbib Warning: Citation `Tampubolon2017' on page 5 undefined on input 
line 263.


Package natbib Warning: Citation `Baumgarten2019' on page 5 undefined on input 
line 263.


Package natbib Warning: Citation `Bandara2015' on page 5 undefined on input lin
e 263.


Package natbib Warning: Citation `nullspace' on page 5 undefined on input line 
263.


Package natbib Warning: Citation `Zheng2021' on page 5 undefined on input line 
263.


Package natbib Warning: Citation `CPLS' on page 5 undefined on input line 263.


Package natbib Warning: Citation `Chen2017' on page 5 undefined on input line 2
63.

<figures//3phases.jpg, id=37, 641.7576pt x 558.888pt>
File: figures//3phases.jpg Graphic file (type jpg)
<use figures//3phases.jpg>
Package pdftex.def Info: figures//3phases.jpg  used on input line 268.
(pdftex.def)             Requested size: 192.52876pt x 167.66768pt.
[5]
<figures//MPMICE.jpg, id=42, 927.465pt x 447.6725pt>
File: figures//MPMICE.jpg Graphic file (type jpg)
<use figures//MPMICE.jpg>
Package pdftex.def Info: figures//MPMICE.jpg  used on input line 279.
(pdftex.def)             Requested size: 370.97943pt x 179.06583pt.


LaTeX Warning: Reference `fig:3phases' on page 6 undefined on input line 286.


LaTeX Warning: Reference `fig:MPMICE' on page 6 undefined on input line 286.


Package natbib Warning: Citation `Kashiwa' on page 6 undefined on input line 28
6.


Package natbib Warning: Citation `MPMICE' on page 6 undefined on input line 286
.


Package natbib Warning: Citation `Baumgarten2021' on page 6 undefined on input 
line 286.

[6 <D:/Uintah/Uintah_NTNU/SUBSLIDE/[2022] MPMICE2/manuscript/figures//3phases.j
pg> <D:/Uintah/Uintah_NTNU/SUBSLIDE/[2022] MPMICE2/manuscript/figures//MPMICE.j
pg>]
LaTeX Font Info:    Font shape `OT1/cmss/m/it' in size <12> not available
(Font)              Font shape `OT1/cmss/m/sl' tried instead on input line 292.

 [7]
Underfull \hbox (badness 10000) in paragraph at lines 304--307

 []


Underfull \hbox (badness 10000) in paragraph at lines 310--316

 []


Underfull \hbox (badness 10000) in paragraph at lines 319--325

 []


Underfull \hbox (badness 10000) in paragraph at lines 328--341

 []

[8] [9] [10]
Overfull \hbox (0.1966pt too wide) in paragraph at lines 495--500
\OT1/cmr/m/n/12 where $\OML/cmm/m/it/12 C[]$ \OT1/cmr/m/n/12 is the Smagorin-sk
y con-stant with the value of 0.1 and $\OMS/cmsy/m/n/12 4 \OT1/cmr/m/n/12 = []$

 []


Package natbib Warning: Citation `MPMcontact' on page 11 undefined on input lin
e 501.

[11]

Package natbib Warning: Citation `Drag' on page 12 undefined on input line 542.



Underfull \hbox (badness 10000) in paragraph at lines 539--545

 []

[12]

LaTeX Warning: Reference `fd' on page 13 undefined on input line 575.

<figures//K.jpg, id=68, 251.2587pt x 225.4824pt>
File: figures//K.jpg Graphic file (type jpg)
<use figures//K.jpg>
Package pdftex.def Info: figures//K.jpg  used on input line 614.
(pdftex.def)             Requested size: 251.25807pt x 225.48184pt.

LaTeX Warning: `h' float specifier changed to `ht'.


LaTeX Warning: Reference `fig:K' on page 13 undefined on input line 646.


Underfull \hbox (badness 10000) in paragraph at lines 643--648

 []

[13]

LaTeX Warning: Reference `fd' on page 14 undefined on input line 650.

[14 <D:/Uintah/Uintah_NTNU/SUBSLIDE/[2022] MPMICE2/manuscript/figures//K.jpg>]

Package natbib Warning: Citation `Stewart1974' on page 15 undefined on input li
ne 651.

<figures//water1.jpg, id=76, 562.1pt x 421.575pt>
File: figures//water1.jpg Graphic file (type jpg)
<use figures//water1.jpg>
Package pdftex.def Info: figures//water1.jpg  used on input line 674.
(pdftex.def)             Requested size: 281.04932pt x 210.78697pt.
[15 <D:/Uintah/Uintah_NTNU/SUBSLIDE/[2022] MPMICE2/manuscript/figures//water1.j
pg>]

LaTeX Warning: Reference `waterEOS' on page 16 undefined on input line 697.


LaTeX Warning: Reference `fig:water1' on page 16 undefined on input line 697.

<figures//GIMPshape.jpg, id=80, 603.2136pt x 476.0184pt>
File: figures//GIMPshape.jpg Graphic file (type jpg)
<use figures//GIMPshape.jpg>
Package pdftex.def Info: figures//GIMPshape.jpg  used on input line 706.
(pdftex.def)             Requested size: 301.60605pt x 238.0086pt.

Package natbib Warning: Citation `GIMP' on page 16 undefined on input line 711.


[16 <D:/Uintah/Uintah_NTNU/SUBSLIDE/[2022] MPMICE2/manuscript/figures//GIMPshap
e.jpg>]

LaTeX Warning: Reference `fig:GIMP' on page 17 undefined on input line 726.

<figures//MPMICE_chart.jpg, id=84, 724.1454pt x 368.577pt>
File: figures//MPMICE_chart.jpg Graphic file (type jpg)
<use figures//MPMICE_chart.jpg>
Package pdftex.def Info: figures//MPMICE_chart.jpg  used on input line 737.
(pdftex.def)             Requested size: 651.72484pt x 331.71622pt.

Overfull \hbox (103.22484pt too wide) in paragraph at lines 737--738
 [] 
 []

[17] [18 <D:/Uintah/Uintah_NTNU/SUBSLIDE/[2022] MPMICE2/manuscript/figures//MPM
ICE_chart.jpg>]

LaTeX Warning: Reference `V' on page 19 undefined on input line 803.


LaTeX Warning: Reference `n' on page 19 undefined on input line 803.


LaTeX Warning: Reference `faced_vel_fluid' on page 19 undefined on input line 8
14.

[19]

LaTeX Warning: Reference `faced_vel_solid' on page 20 undefined on input line 8
26.

[20] [21] [22] [23] [24]
Overfull \hbox (48.54799pt too wide) in paragraph at lines 1212--1215
[]\OT1/cmr/m/n/12 The state vari-ables of the solid phase $[[][]\OML/cmm/m/it/1
2 ; [][]; \OMS/cmsy/m/n/12 r[][]\OML/cmm/m/it/12 ; T[]; \OMS/cmsy/m/n/12 r\OML/
cmm/m/it/12 T[]; [][]; V[]\OT1/cmr/m/n/12 ]$
 []

[25]
<figures//porousflow1.jpg, id=114, 803.6424pt x 766.062pt>
File: figures//porousflow1.jpg Graphic file (type jpg)
<use figures//porousflow1.jpg>
Package pdftex.def Info: figures//porousflow1.jpg  used on input line 1271.
(pdftex.def)             Requested size: 195.0pt x 185.88086pt.
<figures//porousflow.jpg, id=115, 794.0064pt x 614.17455pt>
File: figures//porousflow.jpg Graphic file (type jpg)
<use figures//porousflow.jpg>
Package pdftex.def Info: figures//porousflow.jpg  used on input line 1276.
(pdftex.def)             Requested size: 195.0pt x 150.83488pt.

Underfull \hbox (badness 10000) in paragraph at lines 1285--1288

 []


Underfull \hbox (badness 10000) in paragraph at lines 1290--1296

 []

[26 <D:/Uintah/Uintah_NTNU/SUBSLIDE/[2022] MPMICE2/manuscript/figures//porousfl
ow1.jpg> <D:/Uintah/Uintah_NTNU/SUBSLIDE/[2022] MPMICE2/manuscript/figures//por
ousflow.jpg>]

LaTeX Warning: Reference `fig:porousflow' on page 27 undefined on input line 13
02.

<figures//consolidation.jpg, id=119, 794.0064pt x 614.17455pt>
File: figures//consolidation.jpg Graphic file (type jpg)
<use figures//consolidation.jpg>
Package pdftex.def Info: figures//consolidation.jpg  used on input line 1310.
(pdftex.def)             Requested size: 238.20375pt x 184.25378pt.
[27 <D:/Uintah/Uintah_NTNU/SUBSLIDE/[2022] MPMICE2/manuscript/figures//consolid
ation.jpg>]

LaTeX Warning: Reference `fig:consolidation' on page 28 undefined on input line
 1325.

<figures//box_thermal.jpg, id=123, 391.7034pt x 385.1991pt>
File: figures//box_thermal.jpg Graphic file (type jpg)
<use figures//box_thermal.jpg>
Package pdftex.def Info: figures//box_thermal.jpg  used on input line 1332.
(pdftex.def)             Requested size: 195.85121pt x 192.59908pt.

Package natbib Warning: Citation `Ali' on page 28 undefined on input line 1333.



Package natbib Warning: Citation `Ali' on page 28 undefined on input line 1333.


<figures//thermal.png, id=124, 581.17125pt x 565.36218pt>
File: figures//thermal.png Graphic file (type png)
<use figures//thermal.png>
Package pdftex.def Info: figures//thermal.png  used on input line 1343.
(pdftex.def)             Requested size: 195.0pt x 189.69296pt.
<figures//velocity_thermal-1.jpg, id=126, 365.86688pt x 353.82187pt>
File: figures//velocity_thermal-1.jpg Graphic file (type jpg)
<use figures//velocity_thermal-1.jpg>
Package pdftex.def Info: figures//velocity_thermal-1.jpg  used on input line 13
47.
(pdftex.def)             Requested size: 195.0pt x 188.58287pt.

Package natbib Warning: Citation `Ali' on page 28 undefined on input line 1348.



Package natbib Warning: Citation `Ali' on page 28 undefined on input line 1348.



LaTeX Warning: Reference `fig:thermal' on page 28 undefined on input line 1356.


[28 <D:/Uintah/Uintah_NTNU/SUBSLIDE/[2022] MPMICE2/manuscript/figures//box_ther
mal.jpg>]
<figures//SandBoxscheme.jpg, id=131, 1111.15125pt x 568.37344pt>
File: figures//SandBoxscheme.jpg Graphic file (type jpg)
<use figures//SandBoxscheme.jpg>
Package pdftex.def Info: figures//SandBoxscheme.jpg  used on input line 1363.
(pdftex.def)             Requested size: 333.34795pt x 170.51334pt.


LaTeX Warning: `h' float specifier changed to `ht'.


Package natbib Warning: Citation `Rzadkiewicz' on page 29 undefined on input li
ne 1369.


LaTeX Warning: Reference `fig:SandBoxModel' on page 29 undefined on input line 
1369.

<figures//1.jpg, id=132, 589.4522pt x 353.82187pt>
File: figures//1.jpg Graphic file (type jpg)
<use figures//1.jpg>
Package pdftex.def Info: figures//1.jpg  used on input line 1377.
(pdftex.def)             Requested size: 195.0pt x 117.04771pt.
<figures//2.jpg, id=133, 749.04843pt x 465.23813pt>
File: figures//2.jpg Graphic file (type jpg)
<use figures//2.jpg>
Package pdftex.def Info: figures//2.jpg  used on input line 1382.
(pdftex.def)             Requested size: 195.0pt x 121.11523pt.

Package natbib Warning: Citation `Rzadkiewicz' on page 29 undefined on input li
ne 1404.


LaTeX Warning: Reference `table2' on page 29 undefined on input line 1404.


Package natbib Warning: Citation `Rzadkiewicz' on page 29 undefined on input li
ne 1427.


LaTeX Warning: Reference `watersurface' on page 29 undefined on input line 1427
.


Package natbib Warning: Citation `Zhang2019' on page 29 undefined on input line
 1427.


Package natbib Warning: Citation `Tran2019' on page 29 undefined on input line 
1427.


Package natbib Warning: Citation `Capone2010' on page 29 undefined on input lin
e 1427.


Package natbib Warning: Citation `Zhang2019' on page 29 undefined on input line
 1427.


Package natbib Warning: Citation `Dey2016' on page 29 undefined on input line 1
427.

<figures//SHMPM.jpg, id=134, 536.75531pt x 1105.88156pt>
File: figures//SHMPM.jpg Graphic file (type jpg)
<use figures//SHMPM.jpg>
Package pdftex.def Info: figures//SHMPM.jpg  used on input line 1435.
(pdftex.def)             Requested size: 195.0pt x 401.76193pt.

!pdfTeX error: pdflatex (file D:/Uintah/Uintah_NTNU/SUBSLIDE/[2022] MPMICE2/man
uscript/figures//MPMICE_debris.jpg): reading JPEG image failed (no JPEG header 
found)
 ==> Fatal error occurred, no output PDF file produced!
