This file contains any messages produced by compilers while
running configure, to aid debugging if configure makes a mistake.

It was created by Uintah configure 2.6, which was
generated by GNU Autoconf 2.69.  Invocation command line was

  $ ./configure 

## --------- ##
## Platform. ##
## --------- ##

hostname = NTNU
uname -m = x86_64
uname -r = 4.19.0-10-amd64
uname -s = Linux
uname -v = #1 SMP Debian 4.19.132-1 (2020-07-24)

/usr/bin/uname -p = unknown
/bin/uname -X     = unknown

/bin/arch              = x86_64
/usr/bin/arch -k       = unknown
/usr/convex/getsysinfo = unknown
/usr/bin/hostinfo      = unknown
/bin/machine           = unknown
/usr/bin/oslevel       = unknown
/bin/universe          = unknown

PATH: /usr/local/bin
PATH: /usr/bin
PATH: /bin
PATH: /usr/local/games
PATH: /usr/games


## ----------- ##
## Core tests. ##
## ----------- ##

configure:2933: WARNING: DO NOT CONFIGURE IN THE SRC DIRECTORY:
configure:2935: WARNING: ___ Try creating a dir such as: ../archBITSdebug
configure:2937: WARNING: ___ eg: ../sgi32opt or ../linux64dbg
configure:2939: WARNING: ___ cd to that dir and then type: ../src/configure
configure:2942: error: Tried to configure in src directory.

## ---------------- ##
## Cache variables. ##
## ---------------- ##

ac_cv_env_CCC_set=
ac_cv_env_CCC_value=
ac_cv_env_CC_set=
ac_cv_env_CC_value=
ac_cv_env_CFLAGS_set=
ac_cv_env_CFLAGS_value=
ac_cv_env_CPPFLAGS_set=
ac_cv_env_CPPFLAGS_value=
ac_cv_env_CPP_set=
ac_cv_env_CPP_value=
ac_cv_env_CXXCPP_set=
ac_cv_env_CXXCPP_value=
ac_cv_env_CXXFLAGS_set=
ac_cv_env_CXXFLAGS_value=
ac_cv_env_CXX_set=
ac_cv_env_CXX_value=
ac_cv_env_F77_set=
ac_cv_env_F77_value=
ac_cv_env_FFLAGS_set=
ac_cv_env_FFLAGS_value=
ac_cv_env_LDFLAGS_set=
ac_cv_env_LDFLAGS_value=
ac_cv_env_LIBS_set=
ac_cv_env_LIBS_value=
ac_cv_env_NVCC_CFLAGS_set=
ac_cv_env_NVCC_CFLAGS_value=
ac_cv_env_NVCC_CXXFLAGS_set=
ac_cv_env_NVCC_CXXFLAGS_value=
ac_cv_env_NVCC_LDFLAGS_set=
ac_cv_env_NVCC_LDFLAGS_value=
ac_cv_env_NVCC_set=
ac_cv_env_NVCC_value=
ac_cv_env_build_alias_set=
ac_cv_env_build_alias_value=
ac_cv_env_host_alias_set=
ac_cv_env_host_alias_value=
ac_cv_env_target_alias_set=
ac_cv_env_target_alias_value=

## ----------------- ##
## Output variables. ##
## ----------------- ##

AS=''
ASFLAGS=''
ASSERTION_LEVEL=''
AWK=''
BLAS_LIB_DIR_FLAG=''
BLAS_LIB_FLAG=''
BOOST_LIB_DIR_FLAG=''
BOOST_LIB_FLAG=''
BUILD_ARCHES=''
BUILD_EXAMPLES=''
BUILD_FVM=''
BUILD_ICE=''
BUILD_MINIMAL=''
BUILD_MODELS_RADIATION=''
BUILD_MPM=''
BUILD_PHASEFIELD=''
BUILD_UNIT_TESTS=''
BUILD_WASATCH=''
CBLAS_H=''
CC=''
CC_DEPEND_EXT=''
CC_DEPEND_MODE=''
CC_DEPEND_REGEN=''
CFLAGS=''
CPP=''
CPPFLAGS=''
CUDA_LIB_DIR_FLAG=''
CUDA_LIB_FLAG=''
CXX=''
CXXCPP=''
CXXFLAGS=''
DEBUG=''
DEFS=''
DEF_ACCELERATE=''
DEF_ARCHES=''
DEF_BLAS=''
DEF_BOOST=''
DEF_BOOST_FILESYSTEM_NAMESPACE_V3=''
DEF_CBLAS=''
DEF_CUDA=''
DEF_CXX11=''
DEF_EXAMPLES=''
DEF_EXPRLIB=''
DEF_FORTRAN_UNDERSCORE=''
DEF_FVM=''
DEF_GPERFTOOLS=''
DEF_HYPRE=''
DEF_HYPRE_VERSION_MAJOR=''
DEF_HYPRE_VERSION_MINOR=''
DEF_HYPRE_VERSION_PATCH=''
DEF_ICE=''
DEF_IEEEFP=''
DEF_KOKKOS=''
DEF_LAPACK=''
DEF_MALLOC=''
DEF_MALLOC_LINENUMBERS=''
DEF_MALLOC_TRACE=''
DEF_MEMORY_INIT=''
DEF_MEMORY_INIT_NUMBER=''
DEF_MINIMAL=''
DEF_MODELS_RADIATION=''
DEF_MPI3_ENABLED=''
DEF_MPI_CONST_WORKS=''
DEF_MPI_MAX_THREADS=''
DEF_MPM=''
DEF_NO_FORTRAN=''
DEF_NSCBC=''
DEF_OSX=''
DEF_OSX_SNOW_LEOPARD_OR_LATER=''
DEF_PETSC=''
DEF_PHASEFIELD=''
DEF_PIDX=''
DEF_POKITT=''
DEF_RADPROPS=''
DEF_RAY_SCATTER=''
DEF_SPATIALOPS=''
DEF_STAT64=''
DEF_TABPROPS=''
DEF_UNIT_TESTS=''
DEF_VISIT=''
DEF_VISUS=''
DEF_WASATCH=''
DEF_Z=''
DEF_ZOLTAN=''
DL_LIB_DIR_FLAG=''
DL_LIB_FLAG=''
ECHO_C=''
ECHO_N='-n'
ECHO_T=''
EGREP=''
ETAGS=''
EXCEPTIONS_CRASH_DEF=''
EXEEXT=''
EXPRLIB_LIB_DIR_FLAG=''
EXPRLIB_LIB_FLAG=''
F77=''
F77_DEPEND_EXT=''
F77_DEPEND_MODE=''
F77_DEPEND_REGEN=''
FFLAGS=''
FORTRAN_UNDERSCORE=''
F_LIB_DIR_FLAG=''
F_LIB_FLAG=''
G77=''
GMAKE=''
GPERFTOOLS_LIB_DIR_FLAG=''
GPERFTOOLS_LIB_FLAG=''
GREP=''
HAVE_ACCELERATE=''
HAVE_BLAS=''
HAVE_BOOST=''
HAVE_CBLAS=''
HAVE_CUDA=''
HAVE_CXX11=''
HAVE_EXPRLIB=''
HAVE_GPERFTOOLS=''
HAVE_HYPRE=''
HAVE_KOKKOS=''
HAVE_LAPACK=''
HAVE_LAPACKMP=''
HAVE_MPI=''
HAVE_NSCBC=''
HAVE_PETSC=''
HAVE_PIDX=''
HAVE_POKITT=''
HAVE_RADPROPS=''
HAVE_SPATIALOPS=''
HAVE_TABPROPS=''
HAVE_TIFF=''
HAVE_VISIT=''
HAVE_VISUS=''
HYPRE_LIB_DIR_FLAG=''
HYPRE_LIB_FLAG=''
INC_BLAS_H=''
INC_BOOST_H=''
INC_CUDA_H=''
INC_EXPRLIB_H=''
INC_GPERFTOOLS_H=''
INC_HYPRE_H=''
INC_KOKKOS_H=''
INC_MALLOC_TRACE_H=''
INC_MPI_H=''
INC_MPI_H_NVCC=''
INC_NSCBC_H=''
INC_PETSC_H=''
INC_PIDX_H=''
INC_POKITT_H=''
INC_RADPROPS_H=''
INC_SPATIALOPS_H=''
INC_TABPROPS_H=''
INC_VISIT_H=''
INC_VISUS_H=''
INC_XML2_H=''
INC_ZOLTAN_H=''
INC_Z_H=''
IS_BGQ=''
IS_OSX=''
IS_STATIC_BUILD=''
JPEG_LIB_DIR_FLAG=''
JPEG_LIB_FLAG=''
KOKKOS_LIB_DIR_FLAG=''
KOKKOS_LIB_FLAG=''
LAPACKMP_LIB_DIR_FLAG=''
LAPACKMP_LIB_FLAG=''
LAPACK_LIB_DIR_FLAG=''
LAPACK_LIB_FLAG=''
LARGESOS=''
LD=''
LDFLAGS=''
LDRUN_PREFIX=''
LIBOBJS=''
LIBS=''
LONG_LONG_SWAP=''
LTLIBOBJS=''
MAKE=''
MAKE_ARCHIVES=''
MAKE_PARALLELISM=''
MALLOC_TRACE_LIB_DIR_FLAG=''
MALLOC_TRACE_LIB_FLAG=''
MALLOC_TRACE_LIB_MPI_FLAG=''
MPI_LIB_DIR_FLAG=''
MPI_LIB_FLAG=''
M_LIB_DIR_FLAG=''
M_LIB_FLAG=''
NBITS=''
NEED_OSX_SYSTEMSTUBS=''
NEED_SONAME=''
NOPRINTDIR=''
NO_FORTRAN=''
NVCC=''
NVCC_CFLAGS=''
NVCC_CXXFLAGS=''
NVCC_LDFLAGS=''
NVCC_LIBS=''
OBJEXT=''
OGL_ERR_MACRO=''
PACKAGE_BUGREPORT='uintah-developer@gforge.sci.utah.edu'
PACKAGE_NAME='Uintah'
PACKAGE_STRING='Uintah 2.6'
PACKAGE_TARNAME='uintah'
PACKAGE_URL=''
PACKAGE_VERSION='2.6'
PATH_SEPARATOR=':'
PERL=''
PETSC_LIB_DIR_FLAG=''
PETSC_LIB_FLAG=''
PIDX_LIB_DIR_FLAG=''
PIDX_LIB_FLAG=''
POKITT_LIB_DIR_FLAG=''
POKITT_LIB_FLAG=''
RADPROPS_LIB_DIR_FLAG=''
RADPROPS_LIB_FLAG=''
REFCOUNT_IMPL=''
REPOSITORY_FLAGS=''
RT_LIB_FLAG=''
SCI_MALLOC_ON=''
SHELL='/bin/bash'
SOFLAGS=''
SO_OR_ARCHIVE_EXTENSION=''
SPATIALOPS_LIB_DIR_FLAG=''
SPATIALOPS_LIB_FLAG=''
STATIC_BUILD_DEF=''
TABPROPS_LIB_DIR_FLAG=''
TABPROPS_LIB_FLAG=''
THROW_LEVEL=''
TIFF_LIB_DIR_FLAG=''
TIFF_LIB_FLAG=''
VISIT_LIB_DIR_FLAG=''
VISIT_LIB_FLAG=''
VISIT_PATH=''
VISUS_LIB_DIR_FLAG=''
VISUS_LIB_FLAG=''
WOFF_STRING=''
XALAN_PATH=''
XML2_LIB_DIR_FLAG=''
XML2_LIB_FLAG=''
ZOLTAN_LIB_DIR_FLAG=''
ZOLTAN_LIB_FLAG=''
Z_LIB_DIR_FLAG=''
Z_LIB_FLAG=''
ac_ct_CC=''
ac_ct_CXX=''
ac_ct_F77=''
bindir='${exec_prefix}/bin'
build=''
build_alias=''
build_cpu=''
build_os=''
build_vendor=''
datadir='${datarootdir}'
datarootdir='${prefix}/share'
docdir='${datarootdir}/doc/${PACKAGE_TARNAME}'
dvidir='${docdir}'
exec_prefix='NONE'
extra_cflags=''
host=''
host_alias=''
host_cpu=''
host_os=''
host_vendor=''
htmldir='${docdir}'
includedir='${prefix}/include'
infodir='${datarootdir}/info'
libdir='${exec_prefix}/lib'
libexecdir='${exec_prefix}/libexec'
localedir='${datarootdir}/locale'
localstatedir='${prefix}/var'
mandir='${datarootdir}/man'
oldincludedir='/usr/include'
pdfdir='${docdir}'
prefix='NONE'
program_transform_name='s,x,x,'
psdir='${docdir}'
sbindir='${exec_prefix}/sbin'
scirun_obj_dir=''
scirun_src_dir=''
sharedstatedir='${prefix}/com'
sysconfdir='${prefix}/etc'
target_alias=''

configure: exit 1
